Cycle	Protocol	Energy	Improvement
0	Initial	-1.42	0.00
1	FastRelax	-1.43	0.01
1	Repack	0.92	-2.34
1	Minimize	-1.41	-0.01
2	Repack	0.98	-2.39
2	Minimize	-1.42	-0.00
3	Repack	0.93	-2.35
3	Minimize	-1.42	-0.00
4	Repack	0.93	-2.35
4	Minimize	-1.41	-0.01
5	Repack	0.97	-2.39
5	Minimize	-1.42	-0.00
6	Repack	0.93	-2.35
6	Minimize	-1.41	-0.01
7	Repack	0.94	-2.36
7	Minimize	-1.41	-0.01
8	Repack	0.93	-2.35
8	Minimize	-1.42	-0.00
9	Repack	0.92	-2.34
9	Minimize	-1.41	-0.01
10	Repack	0.97	-2.39
10	Minimize	-1.42	-0.00
11	Repack	0.93	-2.35
11	Minimize	-1.41	-0.01
12	Repack	0.94	-2.36
12	Minimize	-1.41	-0.01
13	Repack	0.94	-2.36
13	Minimize	-1.40	-0.01
14	Repack	0.98	-2.40
14	Minimize	-1.42	-0.00
15	Repack	0.93	-2.34
15	Minimize	-1.41	-0.01
16	Repack	0.95	-2.37
16	Minimize	-1.42	-0.00
17	Repack	0.92	-2.34
17	Minimize	-1.42	-0.00
18	Repack	0.92	-2.34
18	Minimize	-1.42	-0.00
19	Repack	0.93	-2.34
19	Minimize	-1.41	-0.01
20	Repack	0.94	-2.35
20	Minimize	-1.41	-0.01
21	Repack	0.94	-2.36
21	Minimize	-1.42	-0.00
22	Repack	0.92	-2.34
22	Minimize	-1.41	-0.00
23	Repack	0.95	-2.37
23	Minimize	-1.41	-0.01
24	Repack	0.94	-2.36
24	Minimize	-1.40	-0.01
25	Repack	0.98	-2.40
25	Minimize	-1.41	-0.01
