Cycle	Protocol	Energy	Improvement
0	Initial	3.01	0.00
1	FastRelax	2.74	0.26
1	Repack	3.87	-0.86
1	Minimize	2.74	0.26
2	Repack	3.85	-0.85
2	Minimize	2.74	0.26
3	Repack	3.85	-0.84
3	Minimize	2.74	0.26
4	Repack	3.84	-0.84
4	Minimize	2.74	0.27
5	Repack	3.84	-0.84
5	Minimize	2.74	0.26
6	Repack	3.85	-0.84
6	Minimize	2.74	0.26
7	Repack	3.84	-0.83
7	Minimize	2.74	0.26
8	Repack	3.85	-0.84
8	Minimize	2.74	0.26
9	Repack	3.85	-0.84
9	Minimize	2.74	0.26
10	Repack	3.85	-0.84
10	Minimize	2.74	0.26
11	Repack	3.84	-0.84
11	Minimize	2.74	0.26
12	Repack	3.84	-0.84
12	Minimize	2.74	0.26
13	Repack	3.84	-0.84
13	Minimize	2.74	0.26
14	Repack	3.85	-0.84
14	Minimize	2.74	0.27
15	Repack	3.85	-0.84
15	Minimize	2.74	0.26
16	Repack	3.85	-0.84
16	Minimize	2.74	0.27
17	Repack	3.84	-0.83
17	Minimize	2.74	0.26
18	Repack	3.85	-0.84
18	Minimize	2.74	0.26
19	Repack	3.84	-0.84
19	Minimize	2.74	0.26
20	Repack	3.85	-0.84
20	Minimize	2.74	0.26
21	Repack	3.84	-0.84
21	Minimize	2.74	0.26
22	Repack	3.85	-0.85
22	Minimize	2.74	0.26
23	Repack	3.84	-0.84
23	Minimize	2.74	0.26
24	Repack	3.85	-0.84
24	Minimize	2.74	0.26
25	Repack	3.84	-0.83
25	Minimize	2.74	0.26
